Using pre-set license
Built from '2020.3/staging' branch; Version is '2020.3.18f1 (a7d1c678663c) revision 10998214'; Using compiler version '192528614'; Build Type 'Release'
OS: 'Windows 10 Home; OS build 19043.1288; Version 2009; 64bit' Language: 'en' Physical Memory: 16267 MB
BatchMode: 1, IsHumanControllingUs: 0, StartBugReporterOnCrash: 0, Is64bit: 1, IsPro: 0

COMMAND LINE ARGUMENTS:
C:\Program Files\Unity\Hub\Editor\2020.3.18f1\Editor\Unity.exe
-adb2
-batchMode
-noUpm
-name
AssetImportWorker0
-projectPath
C:/UnityProjects/Diorama
-logFile
Logs/AssetImportWorker0.log
-srvPort
50070
Successfully changed project path to: C:/UnityProjects/Diorama
C:/UnityProjects/Diorama
Using Asset Import Pipeline V2.
Refreshing native plugins compatible for Editor in 45.43 ms, found 2 plugins.
Preloading 0 native plugins for Editor in 0.00 ms.
Initialize engine version: 2020.3.18f1 (a7d1c678663c)
[Subsystems] Discovering subsystems at path C:/Program Files/Unity/Hub/Editor/2020.3.18f1/Editor/Data/Resources/UnitySubsystems
[Subsystems] Discovering subsystems at path C:/UnityProjects/Diorama/Assets
GfxDevice: creating device client; threaded=0
Direct3D:
    Version:  Direct3D 11.0 [level 11.0]
    Renderer: NVIDIA GeForce GTX 960M (ID=0x139b)
    Vendor:   
    VRAM:     4055 MB
    Driver:   30.0.14.9613
Initialize mono
Mono path[0] = 'C:/Program Files/Unity/Hub/Editor/2020.3.18f1/Editor/Data/Managed'
Mono path[1] = 'C:/Program Files/Unity/Hub/Editor/2020.3.18f1/Editor/Data/MonoBleedingEdge/lib/mono/unityjit'
Mono config path = 'C:/Program Files/Unity/Hub/Editor/2020.3.18f1/Editor/Data/MonoBleedingEdge/etc'
Using monoOptions --debugger-agent=transport=dt_socket,embedding=1,server=y,suspend=n,address=127.0.0.1:56832
Begin MonoManager ReloadAssembly
Registering precompiled unity dll's ...
Register platform support module: C:/Program Files/Unity/Hub/Editor/2020.3.18f1/Editor/Data/PlaybackEngines/WindowsStandaloneSupport/UnityEditor.WindowsStandalone.Extensions.dll
Registered in 0.004063 seconds.
Native extension for WindowsStandalone target not found
Refreshing native plugins compatible for Editor in 42.16 ms, found 2 plugins.
Preloading 0 native plugins for Editor in 0.00 ms.
Mono: successfully reloaded assembly
- Completed reload, in  1.672 seconds
Domain Reload Profiling:
	ReloadAssembly (1672ms)
		BeginReloadAssembly (91ms)
			ExecutionOrderSort (0ms)
			DisableScriptedObjects (0ms)
			BackupInstance (0ms)
			ReleaseScriptingObjects (0ms)
			CreateAndSetChildDomain (1ms)
		EndReloadAssembly (550ms)
			LoadAssemblies (86ms)
			RebuildTransferFunctionScriptingTraits (0ms)
			SetupTypeCache (199ms)
			ReleaseScriptCaches (0ms)
			RebuildScriptCaches (47ms)
			SetupLoadedEditorAssemblies (204ms)
				LogAssemblyErrors (0ms)
				InitializePlatformSupportModulesInManaged (5ms)
				SetLoadedEditorAssemblies (0ms)
				RefreshPlugins (42ms)
				BeforeProcessingInitializeOnLoad (14ms)
				ProcessInitializeOnLoadAttributes (107ms)
				ProcessInitializeOnLoadMethodAttributes (36ms)
				AfterProcessingInitializeOnLoad (0ms)
				EditorAssembliesLoaded (0ms)
			ExecutionOrderSort2 (0ms)
			AwakeInstancesAfterBackupRestoration (0ms)
Platform modules already initialized, skipping
Registering precompiled user dll's ...
Registered in 0.005962 seconds.
Begin MonoManager ReloadAssembly
Native extension for WindowsStandalone target not found
Refreshing native plugins compatible for Editor in 0.43 ms, found 2 plugins.
Preloading 0 native plugins for Editor in 0.00 ms.
Mono: successfully reloaded assembly
- Completed reload, in  1.410 seconds
Domain Reload Profiling:
	ReloadAssembly (1411ms)
		BeginReloadAssembly (197ms)
			ExecutionOrderSort (0ms)
			DisableScriptedObjects (6ms)
			BackupInstance (0ms)
			ReleaseScriptingObjects (0ms)
			CreateAndSetChildDomain (27ms)
		EndReloadAssembly (1132ms)
			LoadAssemblies (123ms)
			RebuildTransferFunctionScriptingTraits (0ms)
			SetupTypeCache (328ms)
			ReleaseScriptCaches (0ms)
			RebuildScriptCaches (61ms)
			SetupLoadedEditorAssemblies (492ms)
				LogAssemblyErrors (0ms)
				InitializePlatformSupportModulesInManaged (7ms)
				SetLoadedEditorAssemblies (0ms)
				RefreshPlugins (1ms)
				BeforeProcessingInitializeOnLoad (150ms)
				ProcessInitializeOnLoadAttributes (310ms)
				ProcessInitializeOnLoadMethodAttributes (7ms)
				AfterProcessingInitializeOnLoad (17ms)
				EditorAssembliesLoaded (1ms)
			ExecutionOrderSort2 (0ms)
			AwakeInstancesAfterBackupRestoration (9ms)
Platform modules already initialized, skipping
========================================================================
Worker process is ready to serve import requests
Launched and connected shader compiler UnityShaderCompiler.exe after 0.08 seconds
Refreshing native plugins compatible for Editor in 0.73 ms, found 2 plugins.
Preloading 0 native plugins for Editor in 0.00 ms.
Unloading 1456 Unused Serialized files (Serialized files now loaded: 0)
System memory in use before: 69.4 MB.
System memory in use after: 69.4 MB.

Unloading 16 unused Assets to reduce memory usage. Loaded Objects now: 1896.
Total: 5.992700 ms (FindLiveObjects: 0.182100 ms CreateObjectMapping: 0.098900 ms MarkObjects: 5.597700 ms  DeleteObjects: 0.112200 ms)

AssetImportParameters requested are different than current active one (requested -> active):
  custom:framework-win-MediaFoundation: 216162199b28c13a410421893ffa2e32 -> 
  custom:video-decoder-ogg-theora: a1e56fd34408186e4bbccfd4996cb3dc -> 
  custom:container-muxer-webm: aa71ff27fc2769a1b78a27578f13a17b -> 
  custom:container-demuxer-webm: 4f35f7cbe854078d1ac9338744f61a02 -> 
  custom:container-demuxer-ogg: 62fdf1f143b41e24485cea50d1cbac27 -> 
  custom:video-encoder-webm-vp8: eb34c28f22e8b96e1ab97ce403110664 -> 
  custom:video-codec-MediaFoundation-h265: 746d11721c4dcdbdad8f713fa42b33f4 -> 
  custom:video-decoder-webm-vp8: 9c59270c3fd7afecdb556c50c9e8de78 -> 
  custom:audio-decoder-ogg-vorbis: bf7c407c2cedff20999df2af8eb42d56 -> 
  custom:audio-encoder-webm-vorbis: bf7c407c2cedff20999df2af8eb42d56 -> 
========================================================================
Received Import Request.
  path: Assets/Scenes/01-Main/ReflectionProbe-0.exr
  artifactKey: Guid(72f142456bcbd7d42983b8812f8765b8) Importer(815301076,1909f56bfc062723c751e8b465ee728b)
Start importing Assets/Scenes/01-Main/ReflectionProbe-0.exr using Guid(72f142456bcbd7d42983b8812f8765b8) Importer(815301076,1909f56bfc062723c751e8b465ee728b)  -> (artifact id: '142352a2d2004d94147eb96d7e8d8666') in 0.169216 seconds 
  Import took 0.172051 seconds .

========================================================================
Received Import Request.
  Time since last request: 0.000406 seconds.
  path: Assets/Scenes/01-Main/LightingData.asset
  artifactKey: Guid(8a1fbf202bcf4e54c82eef3915403a02) Importer(815301076,1909f56bfc062723c751e8b465ee728b)
Start importing Assets/Scenes/01-Main/LightingData.asset using Guid(8a1fbf202bcf4e54c82eef3915403a02) Importer(815301076,1909f56bfc062723c751e8b465ee728b)  -> (artifact id: 'b5623240ca68de291bd5617c0530289b') in 0.015238 seconds 
  Import took 0.017981 seconds .

========================================================================
Received Import Request.
  Time since last request: 17.132866 seconds.
  path: Assets/Scenes/Spaceship/LightingData.asset
  artifactKey: Guid(c8234e91e3836ce4faef1f80b44de83b) Importer(815301076,1909f56bfc062723c751e8b465ee728b)
Start importing Assets/Scenes/Spaceship/LightingData.asset using Guid(c8234e91e3836ce4faef1f80b44de83b) Importer(815301076,1909f56bfc062723c751e8b465ee728b)  -> (artifact id: '7b7aef2896773f90e5e994b23eea929f') in 0.007622 seconds 
  Import took 0.011122 seconds .

========================================================================
Received Import Request.
  Time since last request: 0.000406 seconds.
  path: Assets/Scenes/Spaceship/Lightmap-2_comp_dir.png
  artifactKey: Guid(aff1e932ee989a64194d8fa589125175) Importer(815301076,1909f56bfc062723c751e8b465ee728b)
Start importing Assets/Scenes/Spaceship/Lightmap-2_comp_dir.png using Guid(aff1e932ee989a64194d8fa589125175) Importer(815301076,1909f56bfc062723c751e8b465ee728b)  -> (artifact id: '796d4aae2a9f971eec2e5b3a960e082a') in 0.040154 seconds 
  Import took 0.044065 seconds .

========================================================================
Received Import Request.
  Time since last request: 0.000515 seconds.
  path: Assets/Scenes/Spaceship/Lightmap-3_comp_light.exr
  artifactKey: Guid(47741654a8208b54fa9d8bab40746a8d) Importer(815301076,1909f56bfc062723c751e8b465ee728b)
Start importing Assets/Scenes/Spaceship/Lightmap-3_comp_light.exr using Guid(47741654a8208b54fa9d8bab40746a8d) Importer(815301076,1909f56bfc062723c751e8b465ee728b)  -> (artifact id: 'def1b796defc2fa4bbfddec5dc6aecad') in 0.021081 seconds 
  Import took 0.023751 seconds .

========================================================================
Received Import Request.
  Time since last request: 0.000334 seconds.
  path: Assets/Scenes/Spaceship/Lightmap-1_comp_dir.png
  artifactKey: Guid(036a8595652499b4898b9def811d3eb4) Importer(815301076,1909f56bfc062723c751e8b465ee728b)
Start importing Assets/Scenes/Spaceship/Lightmap-1_comp_dir.png using Guid(036a8595652499b4898b9def811d3eb4) Importer(815301076,1909f56bfc062723c751e8b465ee728b)  -> (artifact id: '3e4f912e200378ddc4f54c08d4bc8aa6') in 0.017871 seconds 
  Import took 0.021523 seconds .

========================================================================
Received Import Request.
  Time since last request: 0.000319 seconds.
  path: Assets/Scenes/Spaceship/Lightmap-3_comp_dir.png
  artifactKey: Guid(b8a5835e2b58e8d4bbd7b7624970a350) Importer(815301076,1909f56bfc062723c751e8b465ee728b)
Start importing Assets/Scenes/Spaceship/Lightmap-3_comp_dir.png using Guid(b8a5835e2b58e8d4bbd7b7624970a350) Importer(815301076,1909f56bfc062723c751e8b465ee728b)  -> (artifact id: '2111e1e42db6aea19d630d5fe034e29f') in 0.017403 seconds 
  Import took 0.020402 seconds .

========================================================================
Received Import Request.
  Time since last request: 0.000282 seconds.
  path: Assets/Scenes/Spaceship/LightingData.asset
  artifactKey: Guid(c8234e91e3836ce4faef1f80b44de83b) Importer(815301076,1909f56bfc062723c751e8b465ee728b)
Start importing Assets/Scenes/Spaceship/LightingData.asset using Guid(c8234e91e3836ce4faef1f80b44de83b) Importer(815301076,1909f56bfc062723c751e8b465ee728b)  -> (artifact id: '7b7aef2896773f90e5e994b23eea929f') in 0.007042 seconds 
  Import took 0.010142 seconds .

========================================================================
Received Import Request.
  Time since last request: 0.000352 seconds.
  path: Assets/Scenes/Spaceship/Lightmap-0_comp_light.exr
  artifactKey: Guid(64188352f95ed814fad7a0a6306e8d40) Importer(815301076,1909f56bfc062723c751e8b465ee728b)
Start importing Assets/Scenes/Spaceship/Lightmap-0_comp_light.exr using Guid(64188352f95ed814fad7a0a6306e8d40) Importer(815301076,1909f56bfc062723c751e8b465ee728b)  -> (artifact id: 'f77791bdd1cafa87187bdba5eca65202') in 0.020995 seconds 
  Import took 0.024104 seconds .

========================================================================
Received Import Request.
  Time since last request: 0.000547 seconds.
  path: Assets/Scenes/Spaceship/Lightmap-2_comp_light.exr
  artifactKey: Guid(8ce84481a86346c4b97b2841eee61792) Importer(815301076,1909f56bfc062723c751e8b465ee728b)
Start importing Assets/Scenes/Spaceship/Lightmap-2_comp_light.exr using Guid(8ce84481a86346c4b97b2841eee61792) Importer(815301076,1909f56bfc062723c751e8b465ee728b)  -> (artifact id: '13eab82f4768189805ecab11ae041151') in 0.023499 seconds 
  Import took 0.027123 seconds .

========================================================================
Received Import Request.
  Time since last request: 0.000510 seconds.
  path: Assets/Scenes/Spaceship/Lightmap-0_comp_dir.png
  artifactKey: Guid(24611b73ab9ec5a4982464440e7c95df) Importer(815301076,1909f56bfc062723c751e8b465ee728b)
Start importing Assets/Scenes/Spaceship/Lightmap-0_comp_dir.png using Guid(24611b73ab9ec5a4982464440e7c95df) Importer(815301076,1909f56bfc062723c751e8b465ee728b)  -> (artifact id: '1628180f7ae9d9f97658d9d5bfe432cd') in 0.020506 seconds 
  Import took 0.023607 seconds .

========================================================================
Received Import Request.
  Time since last request: 0.000476 seconds.
  path: Assets/Scenes/Spaceship/Lightmap-4_comp_light.exr
  artifactKey: Guid(1481992c2892b6547914a8b2d0ff1d00) Importer(815301076,1909f56bfc062723c751e8b465ee728b)
Start importing Assets/Scenes/Spaceship/Lightmap-4_comp_light.exr using Guid(1481992c2892b6547914a8b2d0ff1d00) Importer(815301076,1909f56bfc062723c751e8b465ee728b)  -> (artifact id: '1cfbd33c79ee7031c6875473b4516201') in 0.017529 seconds 
  Import took 0.020910 seconds .

========================================================================
Received Import Request.
  Time since last request: 0.000360 seconds.
  path: Assets/Scenes/Spaceship/Lightmap-1_comp_light.exr
  artifactKey: Guid(8bd416653a3523947bb28a990acbb615) Importer(815301076,1909f56bfc062723c751e8b465ee728b)
Start importing Assets/Scenes/Spaceship/Lightmap-1_comp_light.exr using Guid(8bd416653a3523947bb28a990acbb615) Importer(815301076,1909f56bfc062723c751e8b465ee728b)  -> (artifact id: '2a9b2ff58edb459ca7306b7a3e8c907b') in 0.020732 seconds 
  Import took 0.024525 seconds .

========================================================================
Received Import Request.
  Time since last request: 0.000418 seconds.
  path: Assets/Scenes/Spaceship/Lightmap-4_comp_dir.png
  artifactKey: Guid(df86093a76960e447891841085f8c486) Importer(815301076,1909f56bfc062723c751e8b465ee728b)
Start importing Assets/Scenes/Spaceship/Lightmap-4_comp_dir.png using Guid(df86093a76960e447891841085f8c486) Importer(815301076,1909f56bfc062723c751e8b465ee728b)  -> (artifact id: '2c138ee0f07bc1d39d1b4c365fbf8489') in 0.017496 seconds 
  Import took 0.020863 seconds .

========================================================================
Received Prepare
Registering precompiled user dll's ...
Registered in 0.006868 seconds.
Begin MonoManager ReloadAssembly
Native extension for WindowsStandalone target not found
Refreshing native plugins compatible for Editor in 0.35 ms, found 2 plugins.
Preloading 0 native plugins for Editor in 0.00 ms.
Mono: successfully reloaded assembly
- Completed reload, in  1.300 seconds
Domain Reload Profiling:
	ReloadAssembly (1301ms)
		BeginReloadAssembly (214ms)
			ExecutionOrderSort (0ms)
			DisableScriptedObjects (6ms)
			BackupInstance (0ms)
			ReleaseScriptingObjects (0ms)
			CreateAndSetChildDomain (73ms)
		EndReloadAssembly (1006ms)
			LoadAssemblies (124ms)
			RebuildTransferFunctionScriptingTraits (0ms)
			SetupTypeCache (349ms)
			ReleaseScriptCaches (1ms)
			RebuildScriptCaches (58ms)
			SetupLoadedEditorAssemblies (373ms)
				LogAssemblyErrors (0ms)
				InitializePlatformSupportModulesInManaged (6ms)
				SetLoadedEditorAssemblies (1ms)
				RefreshPlugins (0ms)
				BeforeProcessingInitializeOnLoad (115ms)
				ProcessInitializeOnLoadAttributes (232ms)
				ProcessInitializeOnLoadMethodAttributes (5ms)
				AfterProcessingInitializeOnLoad (13ms)
				EditorAssembliesLoaded (0ms)
			ExecutionOrderSort2 (0ms)
			AwakeInstancesAfterBackupRestoration (8ms)
Platform modules already initialized, skipping
Refreshing native plugins compatible for Editor in 0.36 ms, found 2 plugins.
Preloading 0 native plugins for Editor in 0.00 ms.
Unloading 1437 Unused Serialized files (Serialized files now loaded: 0)
System memory in use before: 71.3 MB.
System memory in use after: 71.5 MB.

Unloading 11 unused Assets to reduce memory usage. Loaded Objects now: 1933.
Total: 3.341600 ms (FindLiveObjects: 0.286100 ms CreateObjectMapping: 0.095100 ms MarkObjects: 2.939800 ms  DeleteObjects: 0.019400 ms)

AssetImportParameters requested are different than current active one (requested -> active):
  custom:framework-win-MediaFoundation: 216162199b28c13a410421893ffa2e32 -> 
  custom:video-decoder-ogg-theora: a1e56fd34408186e4bbccfd4996cb3dc -> 
  custom:container-muxer-webm: aa71ff27fc2769a1b78a27578f13a17b -> 
  custom:container-demuxer-webm: 4f35f7cbe854078d1ac9338744f61a02 -> 
  custom:container-demuxer-ogg: 62fdf1f143b41e24485cea50d1cbac27 -> 
  custom:video-encoder-webm-vp8: eb34c28f22e8b96e1ab97ce403110664 -> 
  custom:video-codec-MediaFoundation-h265: 746d11721c4dcdbdad8f713fa42b33f4 -> 
  custom:video-decoder-webm-vp8: 9c59270c3fd7afecdb556c50c9e8de78 -> 
  custom:audio-decoder-ogg-vorbis: bf7c407c2cedff20999df2af8eb42d56 -> 
  custom:audio-encoder-webm-vorbis: bf7c407c2cedff20999df2af8eb42d56 -> 
========================================================================
Received Import Request.
  Time since last request: 772.807385 seconds.
  path: Assets/Scenes/02-Battle/LightingData.asset
  artifactKey: Guid(212276ea4ce2ba042810cba75f4be8bc) Importer(815301076,1909f56bfc062723c751e8b465ee728b)
Start importing Assets/Scenes/02-Battle/LightingData.asset using Guid(212276ea4ce2ba042810cba75f4be8bc) Importer(815301076,1909f56bfc062723c751e8b465ee728b)  -> (artifact id: '2c769d73c3fb652e1e5c2de543f676cc') in 0.020145 seconds 
  Import took 0.023689 seconds .

========================================================================
Received Import Request.
  Time since last request: 0.000501 seconds.
  path: Assets/Scenes/02-Battle/ReflectionProbe-0.exr
  artifactKey: Guid(5b4da0c789d93c84ab5a7b86782cf13c) Importer(815301076,1909f56bfc062723c751e8b465ee728b)
Start importing Assets/Scenes/02-Battle/ReflectionProbe-0.exr using Guid(5b4da0c789d93c84ab5a7b86782cf13c) Importer(815301076,1909f56bfc062723c751e8b465ee728b)  -> (artifact id: '6752a1277fe1fc0fb37a8b941e90ff7b') in 0.068981 seconds 
  Import took 0.071625 seconds .

========================================================================
Received Import Request.
  Time since last request: 741.796033 seconds.
  path: Assets/Materials
  artifactKey: Guid(1f747a87bd6a51e43882fa96e073fde0) Importer(815301076,1909f56bfc062723c751e8b465ee728b)
Start importing Assets/Materials using Guid(1f747a87bd6a51e43882fa96e073fde0) Importer(815301076,1909f56bfc062723c751e8b465ee728b)  -> (artifact id: '95c6421ef3ce4fa37ee0fbc5d8b00aa1') in 0.010034 seconds 
  Import took 0.014079 seconds .

========================================================================
Received Import Request.
  Time since last request: 100.629462 seconds.
  path: Assets/Third-Party/Banana Yellow Games/Characters/Banana Man/Banana Man.fbx
  artifactKey: Guid(5c21f602d4eefcc4dbcdd55321142ed8) Importer(815301076,1909f56bfc062723c751e8b465ee728b)
Start importing Assets/Third-Party/Banana Yellow Games/Characters/Banana Man/Banana Man.fbx using Guid(5c21f602d4eefcc4dbcdd55321142ed8) Importer(815301076,1909f56bfc062723c751e8b465ee728b)  -> (artifact id: 'c949f9ec5297fbad22d1c4f2fcad7fcd') in 0.154685 seconds 
  Import took 0.157968 seconds .

========================================================================
Received Import Request.
  Time since last request: 31.523339 seconds.
  path: Assets/Third-Party/Banana Yellow Games/Characters/Banana Man/Textures
  artifactKey: Guid(c8a93b54c18bcfc4c9020f3613782d50) Importer(815301076,1909f56bfc062723c751e8b465ee728b)
Start importing Assets/Third-Party/Banana Yellow Games/Characters/Banana Man/Textures using Guid(c8a93b54c18bcfc4c9020f3613782d50) Importer(815301076,1909f56bfc062723c751e8b465ee728b)  -> (artifact id: 'c2a2707e052dfdfd92496915389e611a') in 0.006757 seconds 
  Import took 0.010324 seconds .

========================================================================
Received Import Request.
  Time since last request: 0.760452 seconds.
  path: Assets/Third-Party/Banana Yellow Games/Characters/Banana Man/Demo Scene
  artifactKey: Guid(b331a89182c46dd4993cc126bb7c0461) Importer(815301076,1909f56bfc062723c751e8b465ee728b)
Start importing Assets/Third-Party/Banana Yellow Games/Characters/Banana Man/Demo Scene using Guid(b331a89182c46dd4993cc126bb7c0461) Importer(815301076,1909f56bfc062723c751e8b465ee728b)  -> (artifact id: '6f51418c6020d8ae011865bcfa36c80e') in 0.008126 seconds 
  Import took 0.011185 seconds .

========================================================================
Received Import Request.
  Time since last request: 2.298410 seconds.
  path: Assets/Third-Party/Robot Kyle
  artifactKey: Guid(3fb8b03722bc31943be3f10e3fffd0f4) Importer(815301076,1909f56bfc062723c751e8b465ee728b)
Start importing Assets/Third-Party/Robot Kyle using Guid(3fb8b03722bc31943be3f10e3fffd0f4) Importer(815301076,1909f56bfc062723c751e8b465ee728b)  -> (artifact id: '1c03fbca74835886a723bf650d6fea34') in 0.007891 seconds 
  Import took 0.011361 seconds .

========================================================================
Received Import Request.
  Time since last request: 0.891226 seconds.
  path: Assets/Third-Party/Robot Kyle/Model
  artifactKey: Guid(bb28477920fb6f743a28c2e690c7456e) Importer(815301076,1909f56bfc062723c751e8b465ee728b)
Start importing Assets/Third-Party/Robot Kyle/Model using Guid(bb28477920fb6f743a28c2e690c7456e) Importer(815301076,1909f56bfc062723c751e8b465ee728b)  -> (artifact id: '0c64c21b2954bb65ab371bb0d9b30f3f') in 0.007115 seconds 
  Import took 0.010078 seconds .

========================================================================
Received Import Request.
  Time since last request: 0.048982 seconds.
  path: Assets/Third-Party/Robot Kyle/Model/Robot Kyle.fbx
  artifactKey: Guid(320b1c2af77554f99a1658df4a6d3d5c) Importer(815301076,1909f56bfc062723c751e8b465ee728b)
Start importing Assets/Third-Party/Robot Kyle/Model/Robot Kyle.fbx using Guid(320b1c2af77554f99a1658df4a6d3d5c) Importer(815301076,1909f56bfc062723c751e8b465ee728b)  -> (artifact id: '3db3875fcaa80796b1629d71ddaa8cf7') in 0.033856 seconds 
  Import took 0.037778 seconds .

========================================================================
Received Prepare
Registering precompiled user dll's ...
Registered in 0.005723 seconds.
Begin MonoManager ReloadAssembly
Native extension for WindowsStandalone target not found
Refreshing native plugins compatible for Editor in 0.37 ms, found 2 plugins.
Preloading 0 native plugins for Editor in 0.00 ms.
Mono: successfully reloaded assembly
- Completed reload, in  1.236 seconds
Domain Reload Profiling:
	ReloadAssembly (1237ms)
		BeginReloadAssembly (152ms)
			ExecutionOrderSort (0ms)
			DisableScriptedObjects (5ms)
			BackupInstance (0ms)
			ReleaseScriptingObjects (0ms)
			CreateAndSetChildDomain (41ms)
		EndReloadAssembly (1000ms)
			LoadAssemblies (114ms)
			RebuildTransferFunctionScriptingTraits (0ms)
			SetupTypeCache (323ms)
			ReleaseScriptCaches (1ms)
			RebuildScriptCaches (56ms)
			SetupLoadedEditorAssemblies (395ms)
				LogAssemblyErrors (0ms)
				InitializePlatformSupportModulesInManaged (7ms)
				SetLoadedEditorAssemblies (0ms)
				RefreshPlugins (0ms)
				BeforeProcessingInitializeOnLoad (114ms)
				ProcessInitializeOnLoadAttributes (255ms)
				ProcessInitializeOnLoadMethodAttributes (5ms)
				AfterProcessingInitializeOnLoad (13ms)
				EditorAssembliesLoaded (0ms)
			ExecutionOrderSort2 (0ms)
			AwakeInstancesAfterBackupRestoration (8ms)
Platform modules already initialized, skipping
Refreshing native plugins compatible for Editor in 0.39 ms, found 2 plugins.
Preloading 0 native plugins for Editor in 0.00 ms.
Unloading 1437 Unused Serialized files (Serialized files now loaded: 0)
System memory in use before: 85.1 MB.
System memory in use after: 85.2 MB.

Unloading 11 unused Assets to reduce memory usage. Loaded Objects now: 1940.
Total: 3.440700 ms (FindLiveObjects: 0.154700 ms CreateObjectMapping: 0.046600 ms MarkObjects: 3.204600 ms  DeleteObjects: 0.033700 ms)

AssetImportParameters requested are different than current active one (requested -> active):
  custom:framework-win-MediaFoundation: 216162199b28c13a410421893ffa2e32 -> 
  custom:video-decoder-ogg-theora: a1e56fd34408186e4bbccfd4996cb3dc -> 
  custom:container-muxer-webm: aa71ff27fc2769a1b78a27578f13a17b -> 
  custom:container-demuxer-webm: 4f35f7cbe854078d1ac9338744f61a02 -> 
  custom:container-demuxer-ogg: 62fdf1f143b41e24485cea50d1cbac27 -> 
  custom:video-encoder-webm-vp8: eb34c28f22e8b96e1ab97ce403110664 -> 
  custom:video-codec-MediaFoundation-h265: 746d11721c4dcdbdad8f713fa42b33f4 -> 
  custom:video-decoder-webm-vp8: 9c59270c3fd7afecdb556c50c9e8de78 -> 
  custom:audio-decoder-ogg-vorbis: bf7c407c2cedff20999df2af8eb42d56 -> 
  custom:audio-encoder-webm-vorbis: bf7c407c2cedff20999df2af8eb42d56 -> 
========================================================================
Received Import Request.
  Time since last request: 7905.215097 seconds.
  path: Assets/Third-Party/Modern Weapons Pack/ACOG Sight/FBX/ACOG Sight.fbx
  artifactKey: Guid(24a213c38cd227b488eb502e89c0c69b) Importer(815301076,1909f56bfc062723c751e8b465ee728b)
Start importing Assets/Third-Party/Modern Weapons Pack/ACOG Sight/FBX/ACOG Sight.fbx using Guid(24a213c38cd227b488eb502e89c0c69b) Importer(815301076,1909f56bfc062723c751e8b465ee728b)  -> (artifact id: 'b91eba3412e7e7b2e95a0f12552e6051') in 0.584260 seconds 
  Import took 0.587776 seconds .

========================================================================
Received Import Request.
  Time since last request: 8.413249 seconds.
  path: Assets/Third-Party/Modern Weapons Pack/M4A1
  artifactKey: Guid(ef0429667fb12d443bd31e94c5db7fe8) Importer(815301076,1909f56bfc062723c751e8b465ee728b)
Start importing Assets/Third-Party/Modern Weapons Pack/M4A1 using Guid(ef0429667fb12d443bd31e94c5db7fe8) Importer(815301076,1909f56bfc062723c751e8b465ee728b)  -> (artifact id: '0cf3fd9e531f882a65e6a2e8acd81239') in 0.011751 seconds 
  Import took 0.015636 seconds .

========================================================================
Received Import Request.
  Time since last request: 2.316038 seconds.
  path: Assets/Third-Party/Modern Weapons Pack/M18 Smoke Grenade
  artifactKey: Guid(2787b673e945fb14a99a4718eb6a9b4e) Importer(815301076,1909f56bfc062723c751e8b465ee728b)
Start importing Assets/Third-Party/Modern Weapons Pack/M18 Smoke Grenade using Guid(2787b673e945fb14a99a4718eb6a9b4e) Importer(815301076,1909f56bfc062723c751e8b465ee728b)  -> (artifact id: 'e8f4de0fc3389e5f999ae2d4ca814a12') in 0.007792 seconds 
  Import took 0.011477 seconds .

========================================================================
Received Import Request.
  Time since last request: 0.486397 seconds.
  path: Assets/Third-Party/Modern Weapons Pack/Skorpion VZ
  artifactKey: Guid(35c31fdc2a00ea040ace32996eca83a1) Importer(815301076,1909f56bfc062723c751e8b465ee728b)
Start importing Assets/Third-Party/Modern Weapons Pack/Skorpion VZ using Guid(35c31fdc2a00ea040ace32996eca83a1) Importer(815301076,1909f56bfc062723c751e8b465ee728b)  -> (artifact id: '88abedadd0f8c303ad58dbd2936f0d10') in 0.006322 seconds 
  Import took 0.010326 seconds .

========================================================================
Received Import Request.
  Time since last request: 0.920240 seconds.
  path: Assets/Third-Party/Modern Weapons Pack/UMP-45
  artifactKey: Guid(dea96538ed83c794588bd93a5cb064b0) Importer(815301076,1909f56bfc062723c751e8b465ee728b)
Start importing Assets/Third-Party/Modern Weapons Pack/UMP-45 using Guid(dea96538ed83c794588bd93a5cb064b0) Importer(815301076,1909f56bfc062723c751e8b465ee728b)  -> (artifact id: '7bc3a7d0601149508822de6e1ca93a4a') in 0.010587 seconds 
  Import took 0.013631 seconds .

========================================================================
Received Import Request.
  Time since last request: 2.517045 seconds.
  path: Assets/Third-Party/Modern Weapons Pack/M4A1/OBJ (Extra)
  artifactKey: Guid(dfbe1e5c546a2bc4da1a95062a23c0d3) Importer(815301076,1909f56bfc062723c751e8b465ee728b)
Start importing Assets/Third-Party/Modern Weapons Pack/M4A1/OBJ (Extra) using Guid(dfbe1e5c546a2bc4da1a95062a23c0d3) Importer(815301076,1909f56bfc062723c751e8b465ee728b)  -> (artifact id: '2d9ecd6ec6b766973f44a0bbefd769e8') in 0.007344 seconds 
  Import took 0.011163 seconds .

========================================================================
Received Import Request.
  Time since last request: 0.562857 seconds.
  path: Assets/Third-Party/Modern Weapons Pack/M4A1/FBX
  artifactKey: Guid(cd33d92a0fc889d46957b5551ad04d68) Importer(815301076,1909f56bfc062723c751e8b465ee728b)
Start importing Assets/Third-Party/Modern Weapons Pack/M4A1/FBX using Guid(cd33d92a0fc889d46957b5551ad04d68) Importer(815301076,1909f56bfc062723c751e8b465ee728b)  -> (artifact id: 'd72874304bb2aed7109c000d45fb3e90') in 0.008291 seconds 
  Import took 0.012085 seconds .

========================================================================
Received Import Request.
  Time since last request: 0.384306 seconds.
  path: Assets/Third-Party/Modern Weapons Pack/M4A1/OBJ (Extra)/M4A1 Sopmod.obj
  artifactKey: Guid(e33b26c6a6d37ef4f90adaf0fd9c400b) Importer(815301076,1909f56bfc062723c751e8b465ee728b)
Start importing Assets/Third-Party/Modern Weapons Pack/M4A1/OBJ (Extra)/M4A1 Sopmod.obj using Guid(e33b26c6a6d37ef4f90adaf0fd9c400b) Importer(815301076,1909f56bfc062723c751e8b465ee728b)  -> (artifact id: '140321567f8e4e2ecc81671119b1ba0b') in 0.051389 seconds 
  Import took 0.054776 seconds .

========================================================================
Received Import Request.
  Time since last request: 3.445926 seconds.
  path: Assets/Third-Party/Modern Weapons Pack/M4A1/Textures
  artifactKey: Guid(1e8e971a1b9e1e54e8ba9a34a5f9266f) Importer(815301076,1909f56bfc062723c751e8b465ee728b)
Start importing Assets/Third-Party/Modern Weapons Pack/M4A1/Textures using Guid(1e8e971a1b9e1e54e8ba9a34a5f9266f) Importer(815301076,1909f56bfc062723c751e8b465ee728b)  -> (artifact id: '93585b3511dc5d7590b86a6d1703af52') in 0.006584 seconds 
  Import took 0.009719 seconds .

========================================================================
Received Import Request.
  Time since last request: 0.080787 seconds.
  path: Assets/Third-Party/Modern Weapons Pack/M4A1/Textures/M4A1 Sopmod Body Diffuse.tga
  artifactKey: Guid(0eb1f99533c68e746816468abdb1392f) Importer(815301076,1909f56bfc062723c751e8b465ee728b)
Start importing Assets/Third-Party/Modern Weapons Pack/M4A1/Textures/M4A1 Sopmod Body Diffuse.tga using Guid(0eb1f99533c68e746816468abdb1392f) Importer(815301076,1909f56bfc062723c751e8b465ee728b)  -> (artifact id: '1172f2b2416ddaf12f4c66799c01f2b6') in 0.033188 seconds 
  Import took 0.038108 seconds .

========================================================================
Received Import Request.
  Time since last request: 0.000318 seconds.
  path: Assets/Third-Party/Modern Weapons Pack/M4A1/Textures/M4A1 Sopmod Body NRM.png
  artifactKey: Guid(860fea0ed45bfc7439afcaba1886fe18) Importer(815301076,1909f56bfc062723c751e8b465ee728b)
Start importing Assets/Third-Party/Modern Weapons Pack/M4A1/Textures/M4A1 Sopmod Body NRM.png using Guid(860fea0ed45bfc7439afcaba1886fe18) Importer(815301076,1909f56bfc062723c751e8b465ee728b)  -> (artifact id: '70f44451a6bb70377d8abadabee98e99') in 0.028338 seconds 
  Import took 0.032029 seconds .

========================================================================
Received Import Request.
  Time since last request: 0.000343 seconds.
  path: Assets/Third-Party/Modern Weapons Pack/M4A1/Textures/M4A1 Sopmod Iron Sight Diffuse.tga
  artifactKey: Guid(29fe2852d1937c34298a8e0a62120458) Importer(815301076,1909f56bfc062723c751e8b465ee728b)
Start importing Assets/Third-Party/Modern Weapons Pack/M4A1/Textures/M4A1 Sopmod Iron Sight Diffuse.tga using Guid(29fe2852d1937c34298a8e0a62120458) Importer(815301076,1909f56bfc062723c751e8b465ee728b)  -> (artifact id: '2162dcc0caa48041eb8ae68044ac18ca') in 0.022612 seconds 
  Import took 0.027488 seconds .

========================================================================
Received Import Request.
  Time since last request: 0.000518 seconds.
  path: Assets/Third-Party/Modern Weapons Pack/M4A1/Textures/M4A1 Sopmod Iron Sight NRM.png
  artifactKey: Guid(79537cb22490db943869380dad470537) Importer(815301076,1909f56bfc062723c751e8b465ee728b)
Start importing Assets/Third-Party/Modern Weapons Pack/M4A1/Textures/M4A1 Sopmod Iron Sight NRM.png using Guid(79537cb22490db943869380dad470537) Importer(815301076,1909f56bfc062723c751e8b465ee728b)  -> (artifact id: '2577159d43d7f857b94f6030059458aa') in 0.018369 seconds 
  Import took 0.022489 seconds .

========================================================================
Received Import Request.
  Time since last request: 0.000357 seconds.
  path: Assets/Third-Party/Modern Weapons Pack/M4A1/Textures/M4A1 Sopmod Magazine Diffuse.tga
  artifactKey: Guid(b4995d0606532504c8ba322aa63701eb) Importer(815301076,1909f56bfc062723c751e8b465ee728b)
Start importing Assets/Third-Party/Modern Weapons Pack/M4A1/Textures/M4A1 Sopmod Magazine Diffuse.tga using Guid(b4995d0606532504c8ba322aa63701eb) Importer(815301076,1909f56bfc062723c751e8b465ee728b)  -> (artifact id: '67e511a15b1015cbfe8c698d62b1ced7') in 0.022369 seconds 
  Import took 0.027488 seconds .

========================================================================
Received Import Request.
  Time since last request: 3.866950 seconds.
  path: Assets/Third-Party/Modern Weapons Pack/M4A1/FBX/M4A1 Sopmod.fbx
  artifactKey: Guid(fddeeac0ebed86c4cab4320764b5c227) Importer(815301076,1909f56bfc062723c751e8b465ee728b)
Start importing Assets/Third-Party/Modern Weapons Pack/M4A1/FBX/M4A1 Sopmod.fbx using Guid(fddeeac0ebed86c4cab4320764b5c227) Importer(815301076,1909f56bfc062723c751e8b465ee728b)  -> (artifact id: '4e4b078409bd02e950659e44d7bc3cb5') in 0.346658 seconds 
  Import took 0.350125 seconds .

========================================================================
Received Import Request.
  Time since last request: 0.145374 seconds.
  path: Assets/Third-Party/Modern Weapons Pack/M4A1/FBX/Materials
  artifactKey: Guid(985e0fd73f0d2aa4ba87390878be2348) Importer(815301076,1909f56bfc062723c751e8b465ee728b)
Start importing Assets/Third-Party/Modern Weapons Pack/M4A1/FBX/Materials using Guid(985e0fd73f0d2aa4ba87390878be2348) Importer(815301076,1909f56bfc062723c751e8b465ee728b)  -> (artifact id: 'e1f0854d349587e37ffb8425924e5ed3') in 0.005197 seconds 
  Import took 0.008438 seconds .

AssetImportWorkerClient::OnTransportError - code=2 error=End of file
